<?xml version="1.0" encoding="UTF-8"?>
<testng-results ignored="0" total="1" passed="1" failed="0" skipped="0">
  <reporter-output>
  </reporter-output>
  <suite started-at="2025-08-25T23:53:37 IST" name="Suite" finished-at="2025-08-25T23:54:03 IST" duration-ms="25647">
    <groups>
    </groups>
    <test started-at="2025-08-25T23:53:37 IST" name="Test" finished-at="2025-08-25T23:54:03 IST" duration-ms="25647">
      <class name="flipkart_demo.flipkart_testNG">
        <test-method signature="open_flipkart()[pri:0, instance:flipkart_demo.flipkart_testNG@5bf0d49]" started-at="2025-08-25T23:53:37 IST" name="open_flipkart" finished-at="2025-08-25T23:54:03 IST" duration-ms="25596" status="PASS">
          <reporter-output>
          </reporter-output>
        </test-method> <!-- open_flipkart -->
      </class> <!-- flipkart_demo.flipkart_testNG -->
    </test> <!-- Test -->
  </suite> <!-- Suite -->
</testng-results>
